<?xml version="1.0" encoding="UTF-8"?>
<testng-results skipped="0" failed="0" ignored="0" total="1" passed="1">
  <reporter-output>
  </reporter-output>
  <suite name="Default suite" duration-ms="8777" started-at="2020-09-01T03:34:40Z" finished-at="2020-09-01T03:34:49Z">
    <groups>
    </groups>
    <test name="Default test" duration-ms="8777" started-at="2020-09-01T03:34:40Z" finished-at="2020-09-01T03:34:49Z">
      <class name="test.LoginTest">
        <test-method status="PASS" signature="userShouldBeAbleToLogin()[pri:0, instance:test.LoginTest@52af26ee]" name="userShouldBeAbleToLogin" duration-ms="8744" started-at="2020-08-31T22:34:40Z" finished-at="2020-08-31T22:34:49Z">
          <reporter-output>
          </reporter-output>
        </test-method> <!-- userShouldBeAbleToLogin -->
      </class> <!-- test.LoginTest -->
    </test> <!-- Default test -->
  </suite> <!-- Default suite -->
</testng-results>
